2020-04-01 16:01:47,283 6 [DEBUG] - XmlConfiguration is now operational
2020-04-01 16:01:47,336 6 [INFO ] - ============================================================
2020-04-01 16:01:47,414 6 [DEBUG] - Attempting to create directory "/home/travis/build/itigoag/chocolatey.airtame/package/C:/ProgramData/Chocolatey/config".
2020-04-01 16:01:47,843 6 [DEBUG] - Attempting to create directory "/tmp/chocolatey".
2020-04-01 16:01:47,881 6 [DEBUG] - Attempting to replace "C:/ProgramData/Chocolatey/config/chocolatey.config"
 with "C:/ProgramData/Chocolatey/config/chocolatey.config.6.update".
 Backup placed at "C:/ProgramData/Chocolatey/config/chocolatey.config.backup".
2020-04-01 16:01:47,882 6 [DEBUG] - Attempting to copy "C:/ProgramData/Chocolatey/config/chocolatey.config.6.update"
 to "C:/ProgramData/Chocolatey/config/chocolatey.config".
2020-04-01 16:01:47,883 6 [DEBUG] - Attempting to delete file "C:/ProgramData/Chocolatey/config/chocolatey.config.6.update".
2020-04-01 16:01:47,886 6 [INFO ] - Chocolatey v0.10.15.0
2020-04-01 16:01:47,893 6 [DEBUG] - Chocolatey is running on Linux v 4.15.0.1028
2020-04-01 16:01:47,894 6 [DEBUG] - Attempting to delete file "opt/chocolatey/chocolatey.dll.old".
2020-04-01 16:01:47,895 6 [DEBUG] - Attempting to delete file "/opt/chocolatey/choco.exe.old".
2020-04-01 16:01:47,896 6 [DEBUG] - Attempting to create directory "/home/travis/build/itigoag/chocolatey.airtame/package/C:/ProgramData/Chocolatey/helpers".
2020-04-01 16:01:47,897 6 [DEBUG] - Attempting to create directory "/home/travis/build/itigoag/chocolatey.airtame/package/C:/ProgramData/Chocolatey/helpers/functions".
2020-04-01 16:01:47,909 6 [DEBUG] - Attempting to create directory "/home/travis/build/itigoag/chocolatey.airtame/package/C:/ProgramData/Chocolatey/redirects".
2020-04-01 16:01:47,910 6 [DEBUG] - Attempting to create directory "/home/travis/build/itigoag/chocolatey.airtame/package/C:/ProgramData/Chocolatey/tools".
2020-04-01 16:01:47,920 6 [DEBUG] - Command line: /opt/chocolatey/choco.exe pack -vd airtame.nuspec --outputdirectory /home/travis/build/itigoag/chocolatey.airtame --allow-unofficial
2020-04-01 16:01:47,920 6 [DEBUG] - Received arguments: pack -vd airtame.nuspec --outputdirectory /home/travis/build/itigoag/chocolatey.airtame --allow-unofficial
2020-04-01 16:01:47,983 6 [DEBUG] - RemovePendingPackagesTask is now ready and waiting for PreRunMessage.
2020-04-01 16:01:47,990 6 [DEBUG] - Sending message 'PreRunMessage' out if there are subscribers...
2020-04-01 16:01:47,993 6 [DEBUG] - [Pending] Removing all pending packages that should not be considered installed...
2020-04-01 16:01:47,993 6 [WARN ] - Directory 'C:/ProgramData/Chocolatey/lib' does not exist.
2020-04-01 16:01:48,036 6 [DEBUG] - Performing validation checks.
2020-04-01 16:01:48,040 6 [DEBUG] - Global Configuration Validation Checks:
2020-04-01 16:01:48,040 6 [DEBUG] -  - Package Exit Code / Exit On Reboot = Checked
2020-04-01 16:01:48,041 6 [DEBUG] - System State Validation Checks:
2020-04-01 16:01:48,043 6 [INFO ] - 2 validations performed. 2 success(es), 0 warning(s), and 0 error(s).
2020-04-01 16:01:48,044 6 [DEBUG] - The source 'https://chocolatey.org/api/v2/' evaluated to a 'normal' source type
2020-04-01 16:01:48,045 6 [DEBUG] - 
NOTE: Hiding sensitive configuration data! Please double and triple
 check to be sure no sensitive data is shown, especially if copying
 output to a gist for review.
2020-04-01 16:01:48,060 6 [DEBUG] - Configuration: CommandName='pack'|CacheLocation='/tmp/chocolatey'|
ContainsLegacyPackageInstalls='True'|
CommandExecutionTimeoutSeconds='2700'|WebRequestTimeoutSeconds='30'|
Sources='https://chocolatey.org/api/v2/'|SourceType='normal'|
Debug='True'|Verbose='True'|Trace='False'|Force='False'|Noop='False'|
HelpRequested='False'|UnsuccessfulParsing='False'|RegularOutput='True'|
QuietOutput='False'|PromptForConfirmation='True'|AcceptLicense='False'|
AllowUnofficialBuild='True'|Input='airtame.nuspec'|AllVersions='False'|
SkipPackageInstallProvider='False'|
OutputDirectory='/home/travis/build/itigoag/chocolatey.airtame'|
Prerelease='False'|ForceX86='False'|OverrideArguments='False'|
NotSilent='False'|ApplyPackageParametersToDependencies='False'|
ApplyInstallArgumentsToDependencies='False'|IgnoreDependencies='False'|
AllowMultipleVersions='False'|AllowDowngrade='False'|
ForceDependencies='False'|Information.PlatformType='Linux'|
Information.PlatformVersion='4.15.0.1028'|
Information.PlatformName='Linux'|
Information.ChocolateyVersion='0.10.15.0'|
Information.ChocolateyProductVersion='0.10.15.0'|
Information.FullName='chocolatey, Version=0.10.15.0, Culture=neutral, PublicKeyToken=fd112f53c3ab578c'|

Information.Is64BitOperatingSystem='True'|
Information.Is64BitProcess='True'|Information.IsInteractive='False'|
Information.UserName='root'|Information.UserDomainName='4224100c6dbe'|
Information.IsUserAdministrator='False'|
Information.IsUserSystemAccount='False'|
Information.IsUserRemoteDesktop='False'|
Information.IsUserRemote='True'|
Information.IsProcessElevated='False'|
Information.IsLicensedVersion='False'|Information.LicenseType='Foss'|
Information.CurrentDirectory='/home/travis/build/itigoag/chocolatey.airtame/package'|

Features.AutoUninstaller='True'|Features.ChecksumFiles='True'|
Features.AllowEmptyChecksums='False'|
Features.AllowEmptyChecksumsSecure='True'|
Features.FailOnAutoUninstaller='False'|
Features.FailOnStandardError='False'|Features.UsePowerShellHost='True'|
Features.LogEnvironmentValues='False'|Features.LogWithoutColor='False'|
Features.VirusCheck='False'|
Features.FailOnInvalidOrMissingLicense='False'|
Features.IgnoreInvalidOptionsSwitches='True'|
Features.UsePackageExitCodes='True'|
Features.UseEnhancedExitCodes='False'|
Features.UseFipsCompliantChecksums='False'|
Features.ShowNonElevatedWarnings='True'|
Features.ShowDownloadProgress='True'|
Features.StopOnFirstPackageFailure='False'|
Features.UseRememberedArgumentsForUpgrades='False'|
Features.IgnoreUnfoundPackagesOnUpgradeOutdated='False'|
Features.SkipPackageUpgradesWhenNotInstalled='False'|
Features.RemovePackageInformationOnUninstall='False'|
Features.ExitOnRebootDetected='False'|
Features.LogValidationResultsOnWarnings='True'|
Features.UsePackageRepositoryOptimizations='True'|
Features.ScriptsCheckLastExitCode='False'|
ListCommand.LocalOnly='False'|
ListCommand.IdOnly='False'|ListCommand.IncludeRegistryPrograms='False'|
ListCommand.PageSize='25'|ListCommand.Exact='False'|
ListCommand.ByIdOnly='False'|ListCommand.ByTagOnly='False'|
ListCommand.IdStartsWith='False'|ListCommand.OrderByPopularity='False'|
ListCommand.ApprovedOnly='False'|
ListCommand.DownloadCacheAvailable='False'|
ListCommand.NotBroken='False'|
ListCommand.IncludeVersionOverrides='False'|
UpgradeCommand.FailOnUnfound='False'|
UpgradeCommand.FailOnNotInstalled='False'|
UpgradeCommand.NotifyOnlyAvailableUpgrades='False'|
UpgradeCommand.ExcludePrerelease='False'|
NewCommand.AutomaticPackage='False'|
NewCommand.UseOriginalTemplate='False'|SourceCommand.Command='unknown'|
SourceCommand.Priority='0'|SourceCommand.BypassProxy='False'|
SourceCommand.AllowSelfService='False'|
SourceCommand.VisibleToAdminsOnly='False'|
FeatureCommand.Command='unknown'|ConfigCommand.Command='unknown'|
ApiKeyCommand.Remove='False'|PinCommand.Command='unknown'|
OutdatedCommand.IgnorePinned='False'|Proxy.BypassOnLocal='True'|
2020-04-01 16:01:48,060 6 [WARN ] - 
Chocolatey is not an official build (bypassed with --allow-unofficial).
 If you are seeing this message and it is not expected, your system may
 now be in a bad state. Only official builds are to be trusted.

2020-04-01 16:01:48,061 6 [DEBUG] - _ Chocolatey:ChocolateyPackCommand - Normal Run Mode _
2020-04-01 16:01:48,233 6 [INFO ] - Attempting to build package from 'airtame.nuspec'.
2020-04-01 16:01:48,375 6 [INFO ] - Successfully created package '/home/travis/build/itigoag/chocolatey.airtame/airtame.4.0.0.nupkg'
2020-04-01 16:01:48,376 6 [DEBUG] - Sending message 'PostRunMessage' out if there are subscribers...
2020-04-01 16:01:48,379 6 [DEBUG] - Exiting with 0
